<?xml version="1.0" encoding="UTF-8"?>
<coverage generated="1676134614845" clover="3.2.0">
  <project timestamp="1676134614846" name="All files">
    <metrics statements="57" coveredstatements="48" conditionals="6" coveredconditionals="1" methods="18" coveredmethods="15" elements="81" coveredelements="64" complexity="0" loc="57" ncloc="57" packages="1" files="2" classes="2"/>
    <file name="taskController.js" path="/home/ditod/repos/micro/to-do-list/src/modules/taskController.js">
      <metrics statements="33" coveredstatements="24" conditionals="4" coveredconditionals="0" methods="14" coveredmethods="11"/>
      <line num="5" count="6" type="stmt"/>
      <line num="9" count="8" type="stmt"/>
      <line num="10" count="8" type="stmt"/>
      <line num="11" count="8" type="stmt"/>
      <line num="15" count="0" type="stmt"/>
      <line num="16" count="0" type="stmt"/>
      <line num="17" count="0" type="stmt"/>
      <line num="18" count="0" type="cond" truecount="0" falsecount="2"/>
      <line num="19" count="0" type="stmt"/>
      <line num="20" count="0" type="cond" truecount="0" falsecount="2"/>
      <line num="21" count="0" type="stmt"/>
      <line num="23" count="0" type="stmt"/>
      <line num="25" count="0" type="stmt"/>
      <line num="29" count="1" type="stmt"/>
      <line num="30" count="1" type="stmt"/>
      <line num="31" count="1" type="stmt"/>
      <line num="35" count="13" type="stmt"/>
      <line num="39" count="1" type="stmt"/>
      <line num="40" count="1" type="stmt"/>
      <line num="41" count="1" type="stmt"/>
      <line num="42" count="1" type="stmt"/>
      <line num="46" count="2" type="stmt"/>
      <line num="47" count="1" type="stmt"/>
      <line num="48" count="1" type="stmt"/>
      <line num="50" count="2" type="stmt"/>
      <line num="54" count="2" type="stmt"/>
      <line num="55" count="2" type="stmt"/>
      <line num="56" count="2" type="stmt"/>
      <line num="57" count="2" type="stmt"/>
      <line num="61" count="1" type="stmt"/>
      <line num="62" count="3" type="stmt"/>
      <line num="64" count="1" type="stmt"/>
      <line num="65" count="1" type="stmt"/>
    </file>
    <file name="taskDisplay.js" path="/home/ditod/repos/micro/to-do-list/src/modules/taskDisplay.js">
      <metrics statements="24" coveredstatements="24" conditionals="2" coveredconditionals="1" methods="4" coveredmethods="4"/>
      <line num="1" count="2" type="stmt"/>
      <line num="2" count="1" type="stmt"/>
      <line num="3" count="1" type="stmt"/>
      <line num="4" count="1" type="stmt"/>
      <line num="5" count="1" type="stmt"/>
      <line num="6" count="1" type="stmt"/>
      <line num="7" count="1" type="stmt"/>
      <line num="8" count="1" type="stmt"/>
      <line num="9" count="1" type="stmt"/>
      <line num="10" count="1" type="stmt"/>
      <line num="11" count="1" type="cond" truecount="1" falsecount="1"/>
      <line num="12" count="1" type="stmt"/>
      <line num="13" count="1" type="stmt"/>
      <line num="14" count="1" type="stmt"/>
      <line num="15" count="1" type="stmt"/>
      <line num="18" count="2" type="stmt"/>
      <line num="19" count="1" type="stmt"/>
      <line num="20" count="1" type="stmt"/>
      <line num="21" count="1" type="stmt"/>
      <line num="24" count="2" type="stmt"/>
      <line num="25" count="1" type="stmt"/>
      <line num="26" count="1" type="stmt"/>
      <line num="27" count="1" type="stmt"/>
      <line num="28" count="1" type="stmt"/>
    </file>
  </project>
</coverage>
