TN:
SF:src/modules/taskController.js
FN:4,(anonymous_0)
FN:8,(anonymous_1)
FN:14,(anonymous_2)
FN:15,(anonymous_3)
FN:16,(anonymous_4)
FN:28,(anonymous_5)
FN:29,(anonymous_6)
FN:34,(anonymous_7)
FN:38,(anonymous_8)
FN:45,(anonymous_9)
FN:46,(anonymous_10)
FN:53,(anonymous_11)
FN:60,(anonymous_12)
FN:61,(anonymous_13)
FNF:14
FNH:11
FNDA:6,(anonymous_0)
FNDA:8,(anonymous_1)
FNDA:0,(anonymous_2)
FNDA:0,(anonymous_3)
FNDA:0,(anonymous_4)
FNDA:1,(anonymous_5)
FNDA:1,(anonymous_6)
FNDA:13,(anonymous_7)
FNDA:1,(anonymous_8)
FNDA:2,(anonymous_9)
FNDA:1,(anonymous_10)
FNDA:2,(anonymous_11)
FNDA:1,(anonymous_12)
FNDA:3,(anonymous_13)
DA:5,6
DA:9,8
DA:10,8
DA:11,8
DA:15,0
DA:16,0
DA:17,0
DA:18,0
DA:19,0
DA:20,0
DA:21,0
DA:23,0
DA:25,0
DA:29,1
DA:30,1
DA:31,1
DA:35,13
DA:39,1
DA:40,1
DA:41,1
DA:42,1
DA:46,2
DA:47,1
DA:48,1
DA:50,2
DA:54,2
DA:55,2
DA:56,2
DA:57,2
DA:61,1
DA:62,3
DA:64,1
DA:65,1
LF:33
LH:24
BRDA:18,0,0,0
BRDA:18,0,1,0
BRDA:20,1,0,0
BRDA:20,1,1,0
BRF:4
BRH:0
end_of_record
TN:
SF:src/modules/taskDisplay.js
FN:1,(anonymous_0)
FN:18,(anonymous_1)
FN:24,(anonymous_2)
FN:27,(anonymous_3)
FNF:4
FNH:4
FNDA:1,(anonymous_0)
FNDA:1,(anonymous_1)
FNDA:1,(anonymous_2)
FNDA:1,(anonymous_3)
DA:1,2
DA:2,1
DA:3,1
DA:4,1
DA:5,1
DA:6,1
DA:7,1
DA:8,1
DA:9,1
DA:10,1
DA:11,1
DA:12,1
DA:13,1
DA:14,1
DA:15,1
DA:18,2
DA:19,1
DA:20,1
DA:21,1
DA:24,2
DA:25,1
DA:26,1
DA:27,1
DA:28,1
LF:24
LH:24
BRDA:11,0,0,0
BRDA:11,0,1,1
BRF:2
BRH:1
end_of_record
